 PATH path7627 FOUND 
 0) 52.24,10.62
    52.24,13.12
    52.24,22.12
    52.24,23.99
    53.88,23.09
    60.07,19.72
    61.44,18.98
    60.28,17.93
    54.09,12.31
    52.24,10.63
 PATH path4279 FOUND 
 1) 40.31,17.29
    41.83,18.92
    42.19,18.60
    48.85,12.51
    48.85,18.56
    48.85,24.62
ERROR
    48.45,24.77
    47.77,25.25
    46.79,26.02
    48.21,27.55
ERROR
    48.41,27.37
    48.86,27.07
    49.60,26.77
    50.22,26.77
    51.33,27.26
    52.44,28.37
    52.44,28.70
    52.30,29.30
    51.94,30.10
    53.36,31.63
ERROR
    54.01,31.02
    55.16,29.65
    56.31,27.32
    56.31,27.21
    56.31,26.99
    56.29,26.65
    63.88,22.48
    71.47,18.31
    79.06,14.14
    86.65,9.97
    94.24,5.80
    87.58,11.89
    80.92,17.98
    74.26,24.07
    67.60,30.16
    61.31,35.91
    62.83,37.54
    67.83,32.97
    74.78,26.62
    81.73,20.26
    88.68,13.90
    95.63,7.54
    102.58,1.18
ERROR
    102.92,0.87
    103.38,0.08
    103.68,-1.14
    103.51,-1.57
    102.92,-2.29
    101.87,-3.00
    101.68,-3.00
    101.31,-2.95
    100.78,-2.81
    93.12,1.40
    85.46,5.61
    77.80,9.82
    70.14,14.03
    62.48,18.24
    54.82,22.45
ERROR
    54.45,22.08
    53.64,21.43
    52.33,20.61
    52.33,13.31
    52.33,6.02
ERROR
    52.33,5.58
    52.08,4.74
    51.42,3.72
    51.02,3.54
    50.14,3.44
    48.94,3.64
    41.99,9.99
    40.05,11.77
 PATH path4259 FOUND 
 2) 47.81,31.45
    46.17,32.35
    39.82,35.82
    38.45,36.56
    39.61,37.61
    45.96,43.39
    47.82,45.08
    47.82,42.57
    47.82,33.32
    47.82,31.45
 PATH path4275 FOUND 
 3) 40.31,17.29
    35.30,21.87
    28.35,28.22
    21.40,34.57
    14.45,40.92
    7.50,47.27
    0.55,53.63
ERROR
    0.13,54.01
    -0.36,55.02
    -0.52,56.49
    -0.19,56.95
    0.76,57.54
    2.20,57.86
    9.86,53.65
    17.52,49.44
    25.18,45.23
    32.84,41.02
    40.50,36.81
    48.16,32.60
ERROR
    48.53,32.94
    49.34,33.53
    50.64,34.26
    50.64,41.60
    50.64,48.94
ERROR
    50.64,49.38
    50.90,50.23
    51.56,51.26
    51.96,51.44
    52.83,51.54
    54.03,51.33
    60.98,44.98
    62.94,43.19
    61.42,41.56
    61.05,41.90
    54.39,47.99
    54.39,41.85
    54.39,35.71
ERROR
    54.75,35.56
    55.35,35.09
    56.24,34.36
    54.82,32.83
ERROR
    54.62,33.01
    54.16,33.32
    53.40,33.63
    52.78,33.63
    51.67,33.14
    50.56,32.03
    50.56,31.70
    50.71,31.09
    51.08,30.28
    49.66,28.75
ERROR
    49.00,29.36
    47.84,30.74
    46.68,33.07
    46.68,33.24
    46.69,33.58
    46.73,34.09
    39.16,38.25
    31.59,42.41
    24.02,46.57
    16.45,50.73
    8.88,54.89
    15.54,48.80
    22.20,42.72
    28.86,36.63
    35.52,30.54
    41.82,24.78
    40.30,23.15
 PATH path4261 FOUND 
 4) 78.67,44.71
    84.14,39.61
    79.41,35.31
    72.69,29.20
    71.95,28.52
    71.21,29.20
    64.51,35.29
    63.35,36.34
    64.72,37.08
    73.11,41.66
    78.67,44.70
 PATH path4263 FOUND 
 5) 78.67,44.71
    81.50,46.26
    89.89,50.85
    98.28,55.43
ERROR
    98.77,55.69
    99.87,55.81
    101.29,55.47
    101.61,55.02
    101.87,53.94
    101.72,52.48
    95.00,46.37
    88.28,40.26
    86.29,38.45
    80.82,43.55
 PATH path4265 FOUND 
 6) 1.11,0.00
ERROR
    0.65,0.00
    -0.22,0.28
    -1.25,0.99
    -1.41,1.42
    -1.46,2.33
    -1.17,3.55
    5.55,9.66
    12.27,15.77
    18.99,21.88
    25.71,27.99
    26.45,28.67
    27.19,27.99
    33.88,21.90
    35.03,20.85
    33.67,20.11
    25.28,15.53
    16.89,10.95
    8.50,6.37
    0.11,1.78
ERROR
    -0.05,1.69
    -0.39,1.55
    -0.92,1.41
 PATH rect3015 FOUND 
 7) -0.11,29.27
    99.44,29.27
    99.44,84.39
    -0.11,84.39

Object origin:
52.570000 43.695000

Eagle Command:
set wire_bend 2;
change layer tDocu;
set width 0;
poly (R 1.130000 30.075000) (R 1.130000 27.575000) (R 1.130000 18.575000) (R 1.130000 16.705000) (R 2.770000 17.605000) (R 8.960000 20.975000) (R 10.330000 21.715000) (R 9.170000 22.765000) (R 2.980000 28.385000) (R 1.130000 30.065000) (R 1.130000 30.075000);
poly (R -10.800000 23.405000) (R -9.280000 21.775000) (R -8.920000 22.095000) (R -2.260000 28.185000) (R -2.260000 22.135000) (R -2.260000 16.075000) (R -2.660000 15.925000) (R -3.340000 15.445000) (R -4.320000 14.675000) (R -2.900000 13.145000) (R -2.700000 13.325000) (R -2.250000 13.625000) (R -1.510000 13.925000) (R -0.890000 13.925000) (R 0.220000 13.435000) (R 1.330000 12.325000) (R 1.330000 11.995000) (R 1.190000 11.395000) (R 0.830000 10.595000) (R 2.250000 9.065000) (R 2.900000 9.675000) (R 4.050000 11.045000) (R 5.200000 13.375000) (R 5.200000 13.485000) (R 5.200000 13.705000) (R 5.180000 14.045000) (R 12.770000 18.215000) (R 20.360000 22.385000) (R 27.950000 26.555000) (R 35.540000 30.725000) (R 43.130000 34.895000) (R 36.470000 28.805000) (R 29.810000 22.715000) (R 23.150000 16.625000) (R 16.490000 10.535000) (R 10.200000 4.785000) (R 11.720000 3.155000) (R 16.720000 7.725000) (R 23.670000 14.075000) (R 30.620000 20.435000) (R 37.570000 26.795000) (R 44.520000 33.155000) (R 51.470000 39.515000) (R 51.810000 39.825000) (R 52.270000 40.615000) (R 52.570000 41.835000) (R 52.400000 42.265000) (R 51.810000 42.985000) (R 50.760000 43.695000) (R 50.570000 43.695000) (R 50.200000 43.645000) (R 49.670000 43.505000) (R 42.010000 39.295000) (R 34.350000 35.085000) (R 26.690000 30.875000) (R 19.030000 26.665000) (R 11.370000 22.455000) (R 3.710000 18.245000) (R 3.340000 18.615000) (R 2.530000 19.265000) (R 1.220000 20.085000) (R 1.220000 27.385000) (R 1.220000 34.675000) (R 1.220000 35.115000) (R 0.970000 35.955000) (R 0.310000 36.975000) (R -0.090000 37.155000) (R -0.970000 37.255000) (R -2.170000 37.055000) (R -9.120000 30.705000) (R -11.060000 28.925000) (R -10.800000 23.405000);
poly (R -3.300000 9.245000) (R -4.940000 8.345000) (R -11.290000 4.875000) (R -12.660000 4.135000) (R -11.500000 3.085000) (R -5.150000 -2.695000) (R -3.290000 -4.385000) (R -3.290000 -1.875000) (R -3.290000 7.375000) (R -3.290000 9.245000) (R -3.300000 9.245000);
poly (R -10.800000 23.405000) (R -15.810000 18.825000) (R -22.760000 12.475000) (R -29.710000 6.125000) (R -36.660000 -0.225000) (R -43.610000 -6.575000) (R -50.560000 -12.935000) (R -50.980000 -13.315000) (R -51.470000 -14.325000) (R -51.630000 -15.795000) (R -51.300000 -16.255000) (R -50.350000 -16.845000) (R -48.910000 -17.165000) (R -41.250000 -12.955000) (R -33.590000 -8.745000) (R -25.930000 -4.535000) (R -18.270000 -0.325000) (R -10.610000 3.885000) (R -2.950000 8.095000) (R -2.580000 7.755000) (R -1.770000 7.165000) (R -0.470000 6.435000) (R -0.470000 -0.905000) (R -0.470000 -8.245000) (R -0.470000 -8.685000) (R -0.210000 -9.535000) (R 0.450000 -10.565000) (R 0.850000 -10.745000) (R 1.720000 -10.845000) (R 2.920000 -10.635000) (R 9.870000 -4.285000) (R 11.830000 -2.495000) (R 10.310000 -0.865000) (R 9.940000 -1.205000) (R 3.280000 -7.295000) (R 3.280000 -1.155000) (R 3.280000 4.985000) (R 3.640000 5.135000) (R 4.240000 5.605000) (R 5.130000 6.335000) (R 3.710000 7.865000) (R 3.510000 7.685000) (R 3.050000 7.375000) (R 2.290000 7.065000) (R 1.670000 7.065000) (R 0.560000 7.555000) (R -0.550000 8.665000) (R -0.550000 8.995000) (R -0.400000 9.605000) (R -0.030000 10.415000) (R -1.450000 11.945000) (R -2.110000 11.335000) (R -3.270000 9.955000) (R -4.430000 7.625000) (R -4.430000 7.455000) (R -4.420000 7.115000) (R -4.380000 6.605000) (R -11.950000 2.445000) (R -19.520000 -1.715000) (R -27.090000 -5.875000) (R -34.660000 -10.035000) (R -42.230000 -14.195000) (R -35.570000 -8.105000) (R -28.910000 -2.025000) (R -22.250000 4.065000) (R -15.590000 10.155000) (R -9.290000 15.915000) (R -10.810000 17.545000) (R -10.800000 23.405000);
poly (R 27.560000 -4.015000) (R 33.030000 1.085000) (R 28.300000 5.385000) (R 21.580000 11.495000) (R 20.840000 12.175000) (R 20.100000 11.495000) (R 13.400000 5.405000) (R 12.240000 4.355000) (R 13.610000 3.615000) (R 22.000000 -0.965000) (R 27.560000 -4.005000) (R 27.560000 -4.015000);
poly (R 27.560000 -4.015000) (R 30.390000 -5.565000) (R 38.780000 -10.155000) (R 47.170000 -14.735000) (R 47.660000 -14.995000) (R 48.760000 -15.115000) (R 50.180000 -14.775000) (R 50.500000 -14.325000) (R 50.760000 -13.245000) (R 50.610000 -11.785000) (R 43.890000 -5.675000) (R 37.170000 0.435000) (R 35.180000 2.245000) (R 29.710000 -2.855000) (R 27.560000 -4.015000);
poly (R -50.000000 40.695000) (R -50.460000 40.695000) (R -51.330000 40.415000) (R -52.360000 39.705000) (R -52.520000 39.275000) (R -52.570000 38.365000) (R -52.280000 37.145000) (R -45.560000 31.035000) (R -38.840000 24.925000) (R -32.120000 18.815000) (R -25.400000 12.705000) (R -24.660000 12.025000) (R -23.920000 12.705000) (R -17.230000 18.795000) (R -16.080000 19.845000) (R -17.440000 20.585000) (R -25.830000 25.165000) (R -34.220000 29.745000) (R -42.610000 34.325000) (R -51.000000 38.915000) (R -51.160000 39.005000) (R -51.500000 39.145000) (R -52.030000 39.285000) (R -50.000000 40.695000);
poly (R -51.220000 11.425000) (R 48.330000 11.425000) (R 48.330000 -43.695000) (R -51.220000 -43.695000) (R -51.220000 11.425000);

